{"name": "Validate The Login Feature", "status": "broken", "statusDetails": {"message": "selenium.common.exceptions.NoSuchElementException: Message: no such element: Unable to locate element: {\"method\":\"xpath\",\"selector\":\"/html/body/div[3]/div/div/div/div/div/form/fieldset[1]/input\"}\n  (Session info: chrome=127.0.6533.88); For documentation on this error, please visit: https://www.selenium.dev/documentation/webdriver/troubleshooting/errors#no-such-element-exception\nStacktrace:\n\tGetHandleVerifier [0x00007FF785F19632+30946]\n\t(No symbol) [0x00007FF785ECE3C9]\n\t(No symbol) [0x00007FF785DC6FDA]\n\t(No symbol) [0x00007FF785E1822C]\n\t(No symbol) [0x00007FF785E1850C]\n\t(No symbol) [0x00007FF785E5DCB7]\n\t(No symbol) [0x00007FF785E3CAAF]\n\t(No symbol) [0x00007FF785E5B041]\n\t(No symbol) [0x00007FF785E3C813]\n\t(No symbol) [0x00007FF785E0A6E5]\n\t(No symbol) [0x00007FF785E0B021]\n\tGetHandleVerifier [0x00007FF78604F83D+1301229]\n\tGetHandleVerifier [0x00007FF78605BDB7+1351783]\n\tGetHandleVerifier [0x00007FF786052A03+1313971]\n\tGetHandleVerifier [0x00007FF785F4DD06+245686]\n\t(No symbol) [0x00007FF785ED758F]\n\t(No symbol) [0x00007FF785ED3804]\n\t(No symbol) [0x00007FF785ED3992]\n\t(No symbol) [0x00007FF785ECA3EF]\n\tBaseThreadInitThunk [0x00007FFDD69C7374+20]\n\tRtlUserThreadStart [0x00007FFDD707CC91+33]\n\n", "trace": "  File \"C:\\Users\\Monther\\PycharmProjects\\BehaveBDDWithPageOBejct\\.venv\\Lib\\site-packages\\behave\\model.py\", line 1329, in run\n    match.run(runner.context)\n  File \"C:\\Users\\Monther\\PycharmProjects\\BehaveBDDWithPageOBejct\\.venv\\Lib\\site-packages\\behave\\matchers.py\", line 98, in run\n    self.func(context, *args, **kwargs)\n  File \"features\\steps\\registration_steps.py\", line 60, in step_impl\n    context.reg.enterusername(usern)\n  File \"C:\\Users\\Monther\\PycharmProjects\\BehaveBDDWithPageOBejct\\features\\pageObject\\RegistrationPage.py\", line 45, in enterusername\n    self.type(\"enteruser_XPATH\", user)\n  File \"C:\\Users\\Monther\\PycharmProjects\\BehaveBDDWithPageOBejct\\features\\pageObject\\BasePage.py\", line 33, in type\n    self.driver.find_element(By.XPATH, configReader.readConfig(\"locaters\", locator)).send_keys(value)\n    ^^^^^^^^^^^^^^^^^^^^^^^^^^^^^^^^^^^^^^^^^^^^^^^^^^^^^^^^^^^^^^^^^^^^^^^^^^^^^^^^\n  File \"C:\\Users\\Monther\\PycharmProjects\\BehaveBDDWithPageOBejct\\.venv\\Lib\\site-packages\\selenium\\webdriver\\remote\\webdriver.py\", line 748, in find_element\n    return self.execute(Command.FIND_ELEMENT, {\"using\": by, \"value\": value})[\"value\"]\n           ^^^^^^^^^^^^^^^^^^^^^^^^^^^^^^^^^^^^^^^^^^^^^^^^^^^^^^^^^^^^^^^^^\n  File \"C:\\Users\\Monther\\PycharmProjects\\BehaveBDDWithPageOBejct\\.venv\\Lib\\site-packages\\selenium\\webdriver\\remote\\webdriver.py\", line 354, in execute\n    self.error_handler.check_response(response)\n  File \"C:\\Users\\Monther\\PycharmProjects\\BehaveBDDWithPageOBejct\\.venv\\Lib\\site-packages\\selenium\\webdriver\\remote\\errorhandler.py\", line 229, in check_response\n    raise exception_class(message, screen, stacktrace)\n"}, "steps": [{"name": "Given I Enter The qa.automation.com", "status": "passed", "start": 1723017346609, "stop": 1723017350949}, {"name": "And I click on login button", "status": "passed", "start": 1723017350949, "stop": 1723017350950}, {"name": "And I enter the usern as \"<usern>\"", "status": "broken", "statusDetails": {"message": "selenium.common.exceptions.NoSuchElementException: Message: no such element: Unable to locate element: {\"method\":\"xpath\",\"selector\":\"/html/body/div[3]/div/div/div/div/div/form/fieldset[1]/input\"}\n  (Session info: chrome=127.0.6533.88); For documentation on this error, please visit: https://www.selenium.dev/documentation/webdriver/troubleshooting/errors#no-such-element-exception\nStacktrace:\n\tGetHandleVerifier [0x00007FF785F19632+30946]\n\t(No symbol) [0x00007FF785ECE3C9]\n\t(No symbol) [0x00007FF785DC6FDA]\n\t(No symbol) [0x00007FF785E1822C]\n\t(No symbol) [0x00007FF785E1850C]\n\t(No symbol) [0x00007FF785E5DCB7]\n\t(No symbol) [0x00007FF785E3CAAF]\n\t(No symbol) [0x00007FF785E5B041]\n\t(No symbol) [0x00007FF785E3C813]\n\t(No symbol) [0x00007FF785E0A6E5]\n\t(No symbol) [0x00007FF785E0B021]\n\tGetHandleVerifier [0x00007FF78604F83D+1301229]\n\tGetHandleVerifier [0x00007FF78605BDB7+1351783]\n\tGetHandleVerifier [0x00007FF786052A03+1313971]\n\tGetHandleVerifier [0x00007FF785F4DD06+245686]\n\t(No symbol) [0x00007FF785ED758F]\n\t(No symbol) [0x00007FF785ED3804]\n\t(No symbol) [0x00007FF785ED3992]\n\t(No symbol) [0x00007FF785ECA3EF]\n\tBaseThreadInitThunk [0x00007FFDD69C7374+20]\n\tRtlUserThreadStart [0x00007FFDD707CC91+33]\n\n", "trace": "  File \"C:\\Users\\Monther\\PycharmProjects\\BehaveBDDWithPageOBejct\\.venv\\Lib\\site-packages\\behave\\model.py\", line 1329, in run\n    match.run(runner.context)\n  File \"C:\\Users\\Monther\\PycharmProjects\\BehaveBDDWithPageOBejct\\.venv\\Lib\\site-packages\\behave\\matchers.py\", line 98, in run\n    self.func(context, *args, **kwargs)\n  File \"features\\steps\\registration_steps.py\", line 60, in step_impl\n    context.reg.enterusername(usern)\n  File \"C:\\Users\\Monther\\PycharmProjects\\BehaveBDDWithPageOBejct\\features\\pageObject\\RegistrationPage.py\", line 45, in enterusername\n    self.type(\"enteruser_XPATH\", user)\n  File \"C:\\Users\\Monther\\PycharmProjects\\BehaveBDDWithPageOBejct\\features\\pageObject\\BasePage.py\", line 33, in type\n    self.driver.find_element(By.XPATH, configReader.readConfig(\"locaters\", locator)).send_keys(value)\n    ^^^^^^^^^^^^^^^^^^^^^^^^^^^^^^^^^^^^^^^^^^^^^^^^^^^^^^^^^^^^^^^^^^^^^^^^^^^^^^^^\n  File \"C:\\Users\\Monther\\PycharmProjects\\BehaveBDDWithPageOBejct\\.venv\\Lib\\site-packages\\selenium\\webdriver\\remote\\webdriver.py\", line 748, in find_element\n    return self.execute(Command.FIND_ELEMENT, {\"using\": by, \"value\": value})[\"value\"]\n           ^^^^^^^^^^^^^^^^^^^^^^^^^^^^^^^^^^^^^^^^^^^^^^^^^^^^^^^^^^^^^^^^^\n  File \"C:\\Users\\Monther\\PycharmProjects\\BehaveBDDWithPageOBejct\\.venv\\Lib\\site-packages\\selenium\\webdriver\\remote\\webdriver.py\", line 354, in execute\n    self.error_handler.check_response(response)\n  File \"C:\\Users\\Monther\\PycharmProjects\\BehaveBDDWithPageOBejct\\.venv\\Lib\\site-packages\\selenium\\webdriver\\remote\\errorhandler.py\", line 229, in check_response\n    raise exception_class(message, screen, stacktrace)\n"}, "attachments": [{"name": "screenshot", "source": "a8d18532-55e1-4939-b08a-ed2424d7c588-attachment.png", "type": "image/png"}], "start": 1723017350950, "stop": 1723017351142}, {"name": "And I enter the passw as \"<passw>\"", "status": "skipped", "start": 1723017353340, "stop": 1723017353340}, {"name": "And I click on submit login", "status": "skipped", "start": 1723017353340, "stop": 1723017353340}], "start": 1723017345090, "stop": 1723017353340, "uuid": "2586e08d-9a73-4d03-bdae-d04633193bf7", "historyId": "e224762439254aadaa8206de58fa4aa3", "fullName": "Registration Feature: Validate The Login Feature", "labels": [{"name": "severity", "value": "normal"}, {"name": "feature", "value": "Registration Feature"}, {"name": "framework", "value": "behave"}, {"name": "language", "value": "cpython3"}]}